\BOOKMARK [1][-]{section.1}{\376\377\213\376\230\230\170\024\172\166\200\314\146\157}{}% 1
\BOOKMARK [2][-]{subsection.1.1}{\376\377\116\062\210\114\163\257\130\203\116\013\166\204\143\222\136\217\173\227\154\325}{section.1}% 2
\BOOKMARK [3][-]{subsubsection.1.1.1}{\376\377\133\236\232\214\166\356\166\204\116\016\211\201\154\102}{subsection.1.1}% 3
\BOOKMARK [3][-]{subsubsection.1.1.2}{\376\377\173\227\154\325\143\317\217\360}{subsection.1.1}% 4
\BOOKMARK [3][-]{subsubsection.1.1.3}{\376\377\131\015\147\102\136\246\122\006\147\220}{subsection.1.1}% 5
\BOOKMARK [3][-]{subsubsection.1.1.4}{\376\377\133\236\232\214\176\323\147\234\124\214\122\006\147\220}{subsection.1.1}% 6
\BOOKMARK [2][-]{subsection.1.2}{\376\377\000p\000t\000h\000r\000e\000a\000d\163\257\130\203\116\013\166\204\136\166\210\114\143\222\136\217\173\227\154\325\213\276\213\241}{section.1}% 7
\BOOKMARK [3][-]{subsubsection.1.2.1}{\376\377\133\236\232\214\166\356\166\204\116\016\211\201\154\102}{subsection.1.2}% 8
\BOOKMARK [3][-]{subsubsection.1.2.2}{\376\377\173\227\154\325\143\317\217\360}{subsection.1.2}% 9
\BOOKMARK [3][-]{subsubsection.1.2.3}{\376\377\131\015\147\102\136\246\122\006\147\220}{subsection.1.2}% 10
\BOOKMARK [3][-]{subsubsection.1.2.4}{\376\377\133\236\232\214\176\323\147\234\124\214\122\006\147\220}{subsection.1.2}% 11
\BOOKMARK [2][-]{subsection.1.3}{\376\377\000O\000p\000e\000n\000M\000P\163\257\130\203\116\013\166\204\136\166\210\114\143\222\136\217\173\227\154\325\213\276\213\241}{section.1}% 12
\BOOKMARK [3][-]{subsubsection.1.3.1}{\376\377\133\236\232\214\166\356\166\204\124\214\211\201\154\102}{subsection.1.3}% 13
\BOOKMARK [3][-]{subsubsection.1.3.2}{\376\377\173\227\154\325\143\317\217\360}{subsection.1.3}% 14
\BOOKMARK [3][-]{subsubsection.1.3.3}{\376\377\131\015\147\102\136\246\122\006\147\220}{subsection.1.3}% 15
\BOOKMARK [3][-]{subsubsection.1.3.4}{\376\377\133\236\232\214\176\323\147\234\124\214\122\006\147\220}{subsection.1.3}% 16
\BOOKMARK [2][-]{subsection.1.4}{\376\377\000M\000P\000I\163\257\130\203\116\013\166\204\136\166\210\114\143\222\136\217\173\227\154\325\213\276\213\241}{section.1}% 17
\BOOKMARK [3][-]{subsubsection.1.4.1}{\376\377\133\236\232\214\166\356\166\204\116\016\211\201\154\102}{subsection.1.4}% 18
\BOOKMARK [3][-]{subsubsection.1.4.2}{\376\377\173\227\154\325\143\317\217\360}{subsection.1.4}% 19
\BOOKMARK [3][-]{subsubsection.1.4.3}{\376\377\131\015\147\102\136\246\122\006\147\220}{subsection.1.4}% 20
\BOOKMARK [3][-]{subsubsection.1.4.4}{\376\377\133\236\232\214\176\323\147\234\124\214\122\006\147\220}{subsection.1.4}% 21
\BOOKMARK [1][-]{section.2}{\376\377\126\375\121\205\131\026\170\024\172\166\163\260\162\266}{}% 22
\BOOKMARK [2][-]{subsection.2.1}{\376\377\116\062\210\114\163\257\130\203\116\013\166\204\147\150\217\211\116\011\211\322\217\223\121\372}{section.2}% 23
\BOOKMARK [3][-]{subsubsection.2.1.1}{\376\377\133\236\232\214\166\356\166\204\116\016\211\201\154\102}{subsection.2.1}% 24
\BOOKMARK [3][-]{subsubsection.2.1.2}{\376\377\173\227\154\325\143\317\217\360}{subsection.2.1}% 25
\BOOKMARK [3][-]{subsubsection.2.1.3}{\376\377\131\015\147\102\136\246\122\006\147\220}{subsection.2.1}% 26
\BOOKMARK [3][-]{subsubsection.2.1.4}{\376\377\133\236\232\214\176\323\147\234\124\214\122\006\147\220}{subsection.2.1}% 27
\BOOKMARK [2][-]{subsection.2.2}{\376\377\000O\000p\000e\000n\000M\000P\163\257\130\203\116\013\166\204\147\150\217\211\116\011\211\322\217\223\121\372}{section.2}% 28
\BOOKMARK [3][-]{subsubsection.2.2.1}{\376\377\133\236\232\214\166\356\166\204\124\214\211\201\154\102}{subsection.2.2}% 29
\BOOKMARK [3][-]{subsubsection.2.2.2}{\376\377\173\227\154\325\143\317\217\360}{subsection.2.2}% 30
\BOOKMARK [3][-]{subsubsection.2.2.3}{\376\377\131\015\147\102\136\246\122\006\147\220}{subsection.2.2}% 31
\BOOKMARK [3][-]{subsubsection.2.2.4}{\376\377\133\236\232\214\176\323\147\234\124\214\122\006\147\220}{subsection.2.2}% 32
\BOOKMARK [2][-]{subsection.2.3}{\376\377\000M\000P\000I\163\257\130\203\116\013\166\204\147\150\217\211\116\011\211\322\217\223\121\372}{section.2}% 33
\BOOKMARK [3][-]{subsubsection.2.3.1}{\376\377\133\236\232\214\166\356\166\204\116\016\211\201\154\102}{subsection.2.3}% 34
\BOOKMARK [3][-]{subsubsection.2.3.2}{\376\377\173\227\154\325\143\317\217\360}{subsection.2.3}% 35
\BOOKMARK [3][-]{subsubsection.2.3.3}{\376\377\131\015\147\102\136\246\122\006\147\220}{subsection.2.3}% 36
\BOOKMARK [3][-]{subsubsection.2.3.4}{\376\377\133\236\232\214\176\323\147\234\124\214\122\006\147\220}{subsection.2.3}% 37
\BOOKMARK [1][-]{section.3}{\376\377\213\376\230\230\170\024\172\166\166\204\141\017\116\111\060\001\121\205\133\271\124\214\166\356\150\007}{}% 38
\BOOKMARK [1][-]{section.4}{\376\377\142\200\147\057\121\163\225\056\116\016\142\200\147\057\215\357\176\277}{}% 39
\BOOKMARK [1][-]{section.5}{\376\377\230\316\226\151\122\006\147\220}{}% 40
\BOOKMARK [1][-]{section.6}{\376\377\213\376\230\230\170\024\172\166\217\333\136\246\133\211\143\222}{}% 41
